<?xml version="1.0" encoding="UTF-8"?>
<!-- Generated by org.testng.reporters.JUnitXMLReporter -->
<testsuite ignored="0" hostname="EC2AMAZ-VIQVVLT" failures="1" tests="3" name="Free CRM App Test Cases" time="16.211" errors="0" timestamp="23 Aug 2020 15:25:30 GMT">
  <testcase classname="com.qa.testcases.LoginPageTest" name="loginPageTitleTest" time="0.075">
    <failure type="java.lang.AssertionError" message="expected [Verify Login page title here] but found [Facebook - Log In or Sign Up]">
      <![CDATA[java.lang.AssertionError: expected [Verify Login page title here] but found [Facebook - Log In or Sign Up]
at com.qa.testcases.LoginPageTest.loginPageTitleTest(LoginPageTest.java:29)
... Removed 31 stack frames]]>
    </failure>
  </testcase> <!-- loginPageTitleTest -->
  <testcase classname="com.qa.testcases.LoginPageTest" name="logoImageTest" time="0.068"/>
  <testcase classname="com.qa.testcases.LoginPageTest" name="loginTest" time="0.324"/>
</testsuite> <!-- Free CRM App Test Cases -->
